<?xml version="1.0" encoding="UTF-8"?>
<testsuite xmlns:xsi="http://www.w3.org/2001/XMLSchema-instance" xsi:noNamespaceSchemaLocation="https://maven.apache.org/surefire/maven-surefire-plugin/xsd/surefire-test-report-3.0.xsd" version="3.0" name="com.example.demo.ApiServerApplicationTests" time="6.576" tests="1" errors="0" skipped="0" failures="0">
  <properties>
[...]
</properties>
  <testcase name="findAll" classname="com.example.demo.ApiServerApplicationTests" time="0.9">
    <system-out><![CDATA[14:52:52.864 [main] INFO org.springframework.test.context.support.AnnotationConfigContextLoaderUtils -- Could not detect default configuration classes for test class [com.example.demo.ApiServerApplicationTests]: ApiServerApplicationTests does not declare any static, non-private, non-final, nested classes annotated with @Configuration.
14:52:52.982 [main] INFO org.springframework.boot.test.context.SpringBootTestContextBootstrapper -- Found @SpringBootConfiguration com.example.demo.ApiServerApplication for test class com.example.demo.ApiServerApplicationTests

  .   ____          _            __ _ _
 /\\ / ___'_ __ _ _(_)_ __  __ _ \ \ \ \
( ( )\___ | '_ | '_| | '_ \/ _` | \ \ \ \
 \\/  ___)| |_)| | | | | || (_| |  ) ) ) )
  '  |____| .__|_| |_|_| |_\__, | / / / /
 =========|_|==============|___/=/_/_/_/

 :: Spring Boot ::                (v3.3.5)

2024-11-15T14:52:53.567+08:00  INFO 17180 --- [           main] c.e.demo.ApiServerApplicationTests       : Starting ApiServerApplicationTests using Java 17.0.2 with PID 17180 (started by 19222 in D:\eclipse-workspace\api_server)
2024-11-15T14:52:53.569+08:00  INFO 17180 --- [           main] c.e.demo.ApiServerApplicationTests       : No active profile set, falling back to 1 default profile: "default"
2024-11-15T14:52:54.436+08:00  INFO 17180 --- [           main] .s.d.r.c.RepositoryConfigurationDelegate : Bootstrapping Spring Data JPA repositories in DEFAULT mode.
2024-11-15T14:52:54.465+08:00  INFO 17180 --- [           main] .s.d.r.c.RepositoryConfigurationDelegate : Finished Spring Data repository scanning in 16 ms. Found 0 JPA repository interfaces.
2024-11-15T14:52:55.137+08:00  INFO 17180 --- [           main] com.zaxxer.hikari.HikariDataSource       : HikariPool-1 - Starting...
2024-11-15T14:52:55.508+08:00  INFO 17180 --- [           main] com.zaxxer.hikari.pool.HikariPool        : HikariPool-1 - Added connection com.mysql.cj.jdbc.ConnectionImpl@1e12a5a6
2024-11-15T14:52:55.510+08:00  INFO 17180 --- [           main] com.zaxxer.hikari.HikariDataSource       : HikariPool-1 - Start completed.
2024-11-15T14:52:55.576+08:00  INFO 17180 --- [           main] o.hibernate.jpa.internal.util.LogHelper  : HHH000204: Processing PersistenceUnitInfo [name: default]
2024-11-15T14:52:55.655+08:00  INFO 17180 --- [           main] org.hibernate.Version                    : HHH000412: Hibernate ORM core version 6.5.3.Final
2024-11-15T14:52:55.695+08:00  INFO 17180 --- [           main] o.h.c.internal.RegionFactoryInitiator    : HHH000026: Second-level cache disabled
2024-11-15T14:52:56.193+08:00  INFO 17180 --- [           main] o.s.o.j.p.SpringPersistenceUnitInfo      : No LoadTimeWeaver setup: ignoring JPA class transformer
2024-11-15T14:52:56.727+08:00  INFO 17180 --- [           main] o.h.e.t.j.p.i.JtaPlatformInitiator       : HHH000489: No JTA platform available (set 'hibernate.transaction.jta.platform' to enable JTA platform integration)
2024-11-15T14:52:56.733+08:00  INFO 17180 --- [           main] j.LocalContainerEntityManagerFactoryBean : Initialized JPA EntityManagerFactory for persistence unit 'default'
 _ _   |_  _ _|_. ___ _ |    _ 
| | |\/|_)(_| | |_\  |_)||_|_\ 
     /               |         
                        3.5.5 
2024-11-15T14:52:57.377+08:00  WARN 17180 --- [           main] JpaBaseConfiguration$JpaWebConfiguration : spring.jpa.open-in-view is enabled by default. Therefore, database queries may be performed during view rendering. Explicitly configure spring.jpa.open-in-view to disable this warning
2024-11-15T14:52:58.286+08:00  INFO 17180 --- [           main] c.e.demo.ApiServerApplicationTests       : Started ApiServerApplicationTests in 5.109 seconds (process running for 6.234)
]]></system-out>
  </testcase>
</testsuite>